[15-Jun-2019 10:51:39 Europe/Berlin] here
[15-Jun-2019 10:51:39 Europe/Berlin] The user is tracking 2exercises
[15-Jun-2019 10:51:39 Europe/Berlin] Going to add to exercise number: 2
[15-Jun-2019 10:51:59 Europe/Berlin] here
[15-Jun-2019 10:51:59 Europe/Berlin] The user is tracking 3exercises
[15-Jun-2019 10:51:59 Europe/Berlin] Going to add to exercise number: 3
[15-Jun-2019 11:28:43 Europe/Berlin] here
[15-Jun-2019 11:50:30 Europe/Berlin] here
[15-Jun-2019 11:50:45 Europe/Berlin] here
[15-Jun-2019 11:50:53 Europe/Berlin] here
[15-Jun-2019 11:57:02 Europe/Berlin] here
[15-Jun-2019 11:57:44 Europe/Berlin] fat
[15-Jun-2019 11:57:47 Europe/Berlin] 
[15-Jun-2019 11:57:48 Europe/Berlin] 
[15-Jun-2019 11:57:51 Europe/Berlin] yeet
[15-Jun-2019 11:57:51 Europe/Berlin] 
[15-Jun-2019 11:57:54 Europe/Berlin] yeet
[15-Jun-2019 11:58:05 Europe/Berlin] Diet
[15-Jun-2019 12:00:14 Europe/Berlin] Tom MacMurry
[15-Jun-2019 12:00:39 Europe/Berlin] Diet Plans for Obese People
[15-Jun-2019 12:10:57 Europe/Berlin] asdf
[15-Jun-2019 12:11:00 Europe/Berlin] asdf
[16-Jun-2019 15:25:08 Europe/Berlin] PHP Notice:  Undefined index: enteredDate in E:\xampp\htdocs\wellnessFinal\addFood.php on line 110
[16-Jun-2019 15:25:08 Europe/Berlin] PHP Notice:  Undefined index: totalCalories in E:\xampp\htdocs\wellnessFinal\addFood.php on line 124
[16-Jun-2019 15:25:08 Europe/Berlin] PHP Notice:  Undefined index: gramsProtein in E:\xampp\htdocs\wellnessFinal\addFood.php on line 125
[16-Jun-2019 15:25:08 Europe/Berlin] PHP Notice:  Undefined index: gramsFat in E:\xampp\htdocs\wellnessFinal\addFood.php on line 126
[16-Jun-2019 15:25:08 Europe/Berlin] PHP Notice:  Undefined index: gramsCarbs in E:\xampp\htdocs\wellnessFinal\addFood.php on line 127
[16-Jun-2019 15:27:41 Europe/Berlin] here
