[15-Jun-2019 11:01:55 Europe/Berlin] here
[15-Jun-2019 11:02:41 Europe/Berlin] here
[15-Jun-2019 11:02:42 Europe/Berlin] here
[15-Jun-2019 11:07:58 Europe/Berlin] here
[15-Jun-2019 11:26:41 Europe/Berlin] here
[15-Jun-2019 11:28:44 Europe/Berlin] here
[15-Jun-2019 11:30:15 Europe/Berlin] here
[15-Jun-2019 11:37:52 Europe/Berlin] here
[15-Jun-2019 11:39:16 Europe/Berlin] here
[15-Jun-2019 11:39:25 Europe/Berlin] here
[15-Jun-2019 11:45:45 Europe/Berlin] here
[15-Jun-2019 11:50:24 Europe/Berlin] here
[15-Jun-2019 11:50:56 Europe/Berlin] here
[15-Jun-2019 11:51:23 Europe/Berlin] here
[15-Jun-2019 11:52:02 Europe/Berlin] here
[15-Jun-2019 11:53:33 Europe/Berlin] here
[15-Jun-2019 11:55:03 Europe/Berlin] here
[15-Jun-2019 11:55:14 Europe/Berlin] here
[15-Jun-2019 11:55:35 Europe/Berlin] here
[15-Jun-2019 11:57:02 Europe/Berlin] here
[15-Jun-2019 12:06:43 Europe/Berlin] here
[15-Jun-2019 12:09:13 Europe/Berlin] here
[15-Jun-2019 12:09:15 Europe/Berlin] here
[15-Jun-2019 12:10:53 Europe/Berlin] here
[15-Jun-2019 12:36:30 Europe/Berlin] here
[15-Jun-2019 12:37:11 Europe/Berlin] here
[15-Jun-2019 12:38:13 Europe/Berlin] here
[15-Jun-2019 12:38:14 Europe/Berlin] here
[15-Jun-2019 12:38:28 Europe/Berlin] here
[15-Jun-2019 12:42:35 Europe/Berlin] here
[15-Jun-2019 12:42:36 Europe/Berlin] here
[15-Jun-2019 12:43:01 Europe/Berlin] here
[15-Jun-2019 12:43:51 Europe/Berlin] here
[15-Jun-2019 12:49:27 Europe/Berlin] here
[15-Jun-2019 12:49:27 Europe/Berlin] PHP Notice:  Undefined variable: dieQuery in E:\xampp\htdocs\wellness\afterUserLogIn.php on line 239
[15-Jun-2019 12:49:27 Europe/Berlin] PHP Warning:  mysqli_query(): Empty query in E:\xampp\htdocs\wellness\afterUserLogIn.php on line 239
[15-Jun-2019 12:49:27 Europe/Berlin] PHP Warning:  mysqli_fetch_assoc() expects parameter 1 to be mysqli_result, bool given in E:\xampp\htdocs\wellness\afterUserLogIn.php on line 245
[15-Jun-2019 12:49:34 Europe/Berlin] here
[15-Jun-2019 12:49:34 Europe/Berlin] PHP Notice:  Undefined variable: dieQuery in E:\xampp\htdocs\wellness\afterUserLogIn.php on line 239
[15-Jun-2019 12:49:34 Europe/Berlin] PHP Warning:  mysqli_query(): Empty query in E:\xampp\htdocs\wellness\afterUserLogIn.php on line 239
[15-Jun-2019 12:49:34 Europe/Berlin] PHP Warning:  mysqli_fetch_assoc() expects parameter 1 to be mysqli_result, bool given in E:\xampp\htdocs\wellness\afterUserLogIn.php on line 245
[15-Jun-2019 12:49:58 Europe/Berlin] here
[15-Jun-2019 12:50:32 Europe/Berlin] here
[15-Jun-2019 12:51:05 Europe/Berlin] here
[15-Jun-2019 12:52:18 Europe/Berlin] here
[15-Jun-2019 12:53:03 Europe/Berlin] here
[15-Jun-2019 12:56:21 Europe/Berlin] here
[15-Jun-2019 12:58:12 Europe/Berlin] here
[15-Jun-2019 12:59:13 Europe/Berlin] here
[15-Jun-2019 12:59:24 Europe/Berlin] here
[15-Jun-2019 13:01:39 Europe/Berlin] here
[15-Jun-2019 13:03:28 Europe/Berlin] here
[15-Jun-2019 13:03:28 Europe/Berlin] PHP Warning:  Division by zero in E:\xampp\htdocs\wellness\afterUserLogIn.php on line 236
[15-Jun-2019 13:03:28 Europe/Berlin] PHP Warning:  Division by zero in E:\xampp\htdocs\wellness\afterUserLogIn.php on line 237
[15-Jun-2019 13:03:28 Europe/Berlin] PHP Warning:  Division by zero in E:\xampp\htdocs\wellness\afterUserLogIn.php on line 238
[15-Jun-2019 13:05:48 Europe/Berlin] here
[15-Jun-2019 13:06:20 Europe/Berlin] here
[15-Jun-2019 13:06:49 Europe/Berlin] here
[15-Jun-2019 13:07:09 Europe/Berlin] here
[15-Jun-2019 13:07:16 Europe/Berlin] here
[15-Jun-2019 13:07:19 Europe/Berlin] here
[15-Jun-2019 13:20:40 Europe/Berlin] here
[15-Jun-2019 13:20:40 Europe/Berlin] PHP Notice:  Undefined index: diet_date in E:\xampp\htdocs\wellness\afterUserLogIn.php on line 301
[15-Jun-2019 13:20:40 Europe/Berlin] PHP Notice:  Undefined index: calories_consumed in E:\xampp\htdocs\wellness\afterUserLogIn.php on line 303
[15-Jun-2019 13:20:40 Europe/Berlin] PHP Notice:  Undefined index: diet_date in E:\xampp\htdocs\wellness\afterUserLogIn.php on line 301
[15-Jun-2019 13:20:40 Europe/Berlin] PHP Notice:  Undefined index: calories_consumed in E:\xampp\htdocs\wellness\afterUserLogIn.php on line 303
[15-Jun-2019 13:20:40 Europe/Berlin] PHP Notice:  Undefined index: diet_date in E:\xampp\htdocs\wellness\afterUserLogIn.php on line 301
[15-Jun-2019 13:20:40 Europe/Berlin] PHP Notice:  Undefined index: calories_consumed in E:\xampp\htdocs\wellness\afterUserLogIn.php on line 303
[15-Jun-2019 13:21:04 Europe/Berlin] here
[15-Jun-2019 13:21:04 Europe/Berlin] PHP Notice:  Undefined index: diet_date in E:\xampp\htdocs\wellness\afterUserLogIn.php on line 301
[15-Jun-2019 13:21:04 Europe/Berlin] PHP Notice:  Undefined index: calories_consumed in E:\xampp\htdocs\wellness\afterUserLogIn.php on line 303
[15-Jun-2019 13:21:04 Europe/Berlin] PHP Notice:  Undefined index: diet_date in E:\xampp\htdocs\wellness\afterUserLogIn.php on line 301
[15-Jun-2019 13:21:04 Europe/Berlin] PHP Notice:  Undefined index: calories_consumed in E:\xampp\htdocs\wellness\afterUserLogIn.php on line 303
[15-Jun-2019 13:21:04 Europe/Berlin] PHP Notice:  Undefined index: diet_date in E:\xampp\htdocs\wellness\afterUserLogIn.php on line 301
[15-Jun-2019 13:21:04 Europe/Berlin] PHP Notice:  Undefined index: calories_consumed in E:\xampp\htdocs\wellness\afterUserLogIn.php on line 303
[15-Jun-2019 13:27:40 Europe/Berlin] here
[15-Jun-2019 13:27:40 Europe/Berlin] PHP Notice:  Undefined index: diet_date in E:\xampp\htdocs\wellness\afterUserLogIn.php on line 301
[15-Jun-2019 13:27:40 Europe/Berlin] PHP Notice:  Undefined index: calories_consumed in E:\xampp\htdocs\wellness\afterUserLogIn.php on line 303
[15-Jun-2019 13:27:40 Europe/Berlin] PHP Notice:  Undefined index: diet_date in E:\xampp\htdocs\wellness\afterUserLogIn.php on line 301
[15-Jun-2019 13:27:40 Europe/Berlin] PHP Notice:  Undefined index: calories_consumed in E:\xampp\htdocs\wellness\afterUserLogIn.php on line 303
[15-Jun-2019 13:27:40 Europe/Berlin] PHP Notice:  Undefined index: diet_date in E:\xampp\htdocs\wellness\afterUserLogIn.php on line 301
[15-Jun-2019 13:27:40 Europe/Berlin] PHP Notice:  Undefined index: calories_consumed in E:\xampp\htdocs\wellness\afterUserLogIn.php on line 303
[15-Jun-2019 13:28:31 Europe/Berlin] here
[15-Jun-2019 13:29:20 Europe/Berlin] here
[15-Jun-2019 13:29:58 Europe/Berlin] here
[15-Jun-2019 13:30:37 Europe/Berlin] here
[15-Jun-2019 13:32:15 Europe/Berlin] here
[15-Jun-2019 13:35:43 Europe/Berlin] here
[15-Jun-2019 13:41:34 Europe/Berlin] here
[15-Jun-2019 13:44:16 Europe/Berlin] here
[15-Jun-2019 13:44:22 Europe/Berlin] here
[15-Jun-2019 13:48:17 Europe/Berlin] here
[15-Jun-2019 13:49:54 Europe/Berlin] here
[15-Jun-2019 13:50:06 Europe/Berlin] here
[16-Jun-2019 02:20:40 Europe/Berlin] here
[16-Jun-2019 15:25:12 Europe/Berlin] PHP Notice:  Undefined index: username in E:\xampp\htdocs\wellnessFinal\afterUserLogIn.php on line 73
[16-Jun-2019 15:25:13 Europe/Berlin] PHP Notice:  Undefined index: username in E:\xampp\htdocs\wellnessFinal\afterUserLogIn.php on line 113
[16-Jun-2019 15:25:13 Europe/Berlin] PHP Notice:  Undefined index: username in E:\xampp\htdocs\wellnessFinal\afterUserLogIn.php on line 228
[16-Jun-2019 15:25:14 Europe/Berlin] PHP Notice:  Undefined index: username in E:\xampp\htdocs\wellnessFinal\afterUserLogIn.php on line 73
[16-Jun-2019 15:25:14 Europe/Berlin] PHP Notice:  Undefined index: username in E:\xampp\htdocs\wellnessFinal\afterUserLogIn.php on line 113
[16-Jun-2019 15:25:14 Europe/Berlin] PHP Notice:  Undefined index: username in E:\xampp\htdocs\wellnessFinal\afterUserLogIn.php on line 228
[16-Jun-2019 15:25:29 Europe/Berlin] PHP Notice:  Undefined index: username in E:\xampp\htdocs\wellnessFinal\afterUserLogIn.php on line 73
[16-Jun-2019 15:25:29 Europe/Berlin] PHP Notice:  Undefined index: username in E:\xampp\htdocs\wellnessFinal\afterUserLogIn.php on line 113
[16-Jun-2019 15:25:29 Europe/Berlin] PHP Notice:  Undefined index: username in E:\xampp\htdocs\wellnessFinal\afterUserLogIn.php on line 228
[16-Jun-2019 15:26:05 Europe/Berlin] here
[16-Jun-2019 15:27:42 Europe/Berlin] here
