[29-May-2019 06:57:16 Europe/Berlin] Hello, errors!
[29-May-2019 06:57:16 Europe/Berlin] Cannot add or update a child row: a foreign key constraint fails (`wellness`.`followedexercises`, CONSTRAINT `followedexercises_ibfk_1` FOREIGN KEY (`username`) REFERENCES `fitnesstracker` (`username`))
[29-May-2019 06:57:59 Europe/Berlin] Hello, errors!
[29-May-2019 06:57:59 Europe/Berlin] Cannot add or update a child row: a foreign key constraint fails (`wellness`.`followedexercises`, CONSTRAINT `followedexercises_ibfk_1` FOREIGN KEY (`username`) REFERENCES `fitnesstracker` (`username`))
[29-May-2019 06:59:41 Europe/Berlin] 
[29-May-2019 07:36:19 Europe/Berlin] PHP Warning:  Use of undefined constant num_exercises - assumed 'num_exercises' (this will throw an Error in a future version of PHP) in E:\xampp\htdocs\wellness\server.php on line 311
[29-May-2019 07:36:19 Europe/Berlin] user_exercise-1_name
[29-May-2019 07:37:05 Europe/Berlin] user_exercise-1_name
[29-May-2019 07:37:07 Europe/Berlin] user_exercise-1_name
[29-May-2019 07:38:23 Europe/Berlin] user_exercise-1_name
[29-May-2019 07:39:51 Europe/Berlin] user_exercise-1_name
[29-May-2019 07:39:52 Europe/Berlin] user_exercise-1_name
[29-May-2019 07:40:34 Europe/Berlin] user_exercise1_name
[29-May-2019 07:41:19 Europe/Berlin] user_exercise1_name
[29-May-2019 07:42:05 Europe/Berlin] user_exercise1_name
[29-May-2019 07:42:57 Europe/Berlin] user_exercise1_name
[29-May-2019 07:42:57 Europe/Berlin] Cannot add or update a child row: a foreign key constraint fails (`wellness`.`followedexercises`, CONSTRAINT `followedexercises_ibfk_1` FOREIGN KEY (`username`) REFERENCES `users` (`username`))
[29-May-2019 07:45:35 Europe/Berlin] user_exercise1_name
[29-May-2019 07:45:35 Europe/Berlin] 
[29-May-2019 07:46:48 Europe/Berlin] user_exercise1_name
[29-May-2019 07:46:49 Europe/Berlin] 
[29-May-2019 07:49:21 Europe/Berlin] user_exercise1_name
[29-May-2019 07:49:21 Europe/Berlin] Unknown column 'Squat' in 'field list'
[29-May-2019 07:52:10 Europe/Berlin] user_exercise1_name
[29-May-2019 07:52:10 Europe/Berlin] Duplicate entry '1234' for key 'PRIMARY'
[29-May-2019 07:59:22 Europe/Berlin] user_exercise1_name
[29-May-2019 07:59:22 Europe/Berlin] Duplicate entry '1234' for key 'PRIMARY'
[29-May-2019 07:59:55 Europe/Berlin] user_exercise1_name
[29-May-2019 07:59:55 Europe/Berlin] Unknown column 'e' in 'field list'
[29-May-2019 08:01:21 Europe/Berlin] user_exercise1_name
[29-May-2019 08:01:21 Europe/Berlin] You have an error in your SQL syntax; check the manual that corresponds to your MariaDB server version for the right syntax to use near ''user_exercise1_name' = '454', 
		num_exercises = $'num_exercises_plus_one' WHE' at line 1
[29-May-2019 08:02:07 Europe/Berlin] user_exercise1_name
[29-May-2019 08:02:07 Europe/Berlin] You have an error in your SQL syntax; check the manual that corresponds to your MariaDB server version for the right syntax to use near ''user_exercise1_name' = 'ggf', 
		num_exercises = '1' WHERE username = '1234'' at line 1
[29-May-2019 08:06:28 Europe/Berlin] user_exercise1_name
[29-May-2019 08:06:28 Europe/Berlin] You have an error in your SQL syntax; check the manual that corresponds to your MariaDB server version for the right syntax to use near ''user_exercise1_name' = 'dfd', num_exercises = '1' WHERE username = '1234'' at line 1
[29-May-2019 08:08:06 Europe/Berlin] user_exercise1_name
[29-May-2019 08:08:06 Europe/Berlin] You have an error in your SQL syntax; check the manual that corresponds to your MariaDB server version for the right syntax to use near ''user_exercise1_name' = '', WHERE username = '1234'' at line 1
[29-May-2019 08:08:08 Europe/Berlin] user_exercise1_name
[29-May-2019 08:08:08 Europe/Berlin] You have an error in your SQL syntax; check the manual that corresponds to your MariaDB server version for the right syntax to use near ''user_exercise1_name' = 'fadsf', WHERE username = '1234'' at line 1
[29-May-2019 08:08:44 Europe/Berlin] user_exercise1_name
[29-May-2019 08:08:44 Europe/Berlin] You have an error in your SQL syntax; check the manual that corresponds to your MariaDB server version for the right syntax to use near ''user_exercise1_name' = 'dfdfd', num_exercises = '1' WHERE username = 1234' at line 1
[29-May-2019 08:10:25 Europe/Berlin] user_exercise1_name
[29-May-2019 08:10:26 Europe/Berlin] 
[29-May-2019 08:10:47 Europe/Berlin] user_exercise2_name
[29-May-2019 08:10:47 Europe/Berlin] 
[29-May-2019 08:23:58 Europe/Berlin] PHP Warning:  mysqli_num_rows() expects parameter 1 to be mysqli_result, bool given in E:\xampp\htdocs\wellness\server.php on line 159
[29-May-2019 08:25:47 Europe/Berlin] 
[29-May-2019 08:26:39 Europe/Berlin] Unknown column 'fuck' in 'where clause'
[29-May-2019 08:27:15 Europe/Berlin] Unknown column 'fuck' in 'where clause'
[29-May-2019 08:30:40 Europe/Berlin] 
[29-May-2019 08:34:42 Europe/Berlin] SELECT ArticleTitle, urls FROM articles WHERE ArticleAuthors = 'fuck'
[29-May-2019 08:34:46 Europe/Berlin] UPDATE followedExercises SET user_exercise1_name = 'fefe', num_exercises = '1' WHERE username = asdf
[29-May-2019 08:35:46 Europe/Berlin] UPDATE followedExercises SET user_exercise1_name = 'grg', num_exercises = '1' WHERE username = 'asdf'
[05-Jun-2019 05:39:37 Europe/Berlin] PHP Warning:  mysqli_connect(): (HY000/1049): Unknown database 'wellness' in C:\xampp\htdocs\wellness\server.php on line 14
[05-Jun-2019 05:39:37 Europe/Berlin] PHP Warning:  mysqli_connect(): (HY000/1049): Unknown database 'wellness' in C:\xampp\htdocs\wellness\adminMonthlyChallengeControl.php on line 123
[05-Jun-2019 05:39:37 Europe/Berlin] PHP Warning:  mysqli_query() expects parameter 1 to be mysqli, bool given in C:\xampp\htdocs\wellness\adminMonthlyChallengeControl.php on line 126
[05-Jun-2019 08:39:47 Europe/Berlin] PHP Warning:  mysqli_num_rows() expects parameter 1 to be mysqli_result, bool given in C:\xampp\htdocs\wellness\server.php on line 239
[05-Jun-2019 09:36:31 Europe/Berlin] PHP Warning:  mail(): Failed to connect to mailserver at &quot;localhost&quot; port 25, verify your &quot;SMTP&quot; and &quot;smtp_port&quot; setting in php.ini or use ini_set() in C:\xampp\htdocs\wellness\server.php on line 128
[05-Jun-2019 10:04:55 Europe/Berlin] PHP Warning:  mysqli_num_rows() expects parameter 1 to be mysqli_result, bool given in C:\xampp\htdocs\wellness\server.php on line 190
[06-Jun-2019 04:50:57 Europe/Berlin] PHP Warning:  A non-numeric value encountered in C:\xampp\htdocs\wellness\server.php on line 509
[06-Jun-2019 04:50:57 Europe/Berlin] PHP Warning:  A non-numeric value encountered in C:\xampp\htdocs\wellness\server.php on line 509
[06-Jun-2019 04:50:57 Europe/Berlin] PHP Warning:  Division by zero in C:\xampp\htdocs\wellness\server.php on line 509
[06-Jun-2019 05:01:32 Europe/Berlin] PHP Warning:  Use of undefined constant BMI - assumed 'BMI' (this will throw an Error in a future version of PHP) in C:\xampp\htdocs\wellness\server.php on line 544
